<?xml version="1.0" encoding="UTF-8"?>
<!-- Generated by org.testng.reporters.JUnitXMLReporter -->
<testsuite hostname="6thenergy-PC" ignored="0" name="Surefire test" tests="2" failures="0" timestamp="17 Aug 2022 18:33:47 GMT" time="49.666" errors="0">
  <testcase name="FacebookLoginPageTest" time="3.927" classname="com.projectname.qa.TestCases.LoginTest"/>
  <testcase name="FacebookRegistrationPageTest" time="11.668" classname="com.projectname.qa.TestCases.RegistrationTest"/>
</testsuite> <!-- Surefire test -->
