<?xml version="1.0" encoding="UTF-8"?>
<!-- Generated by org.testng.reporters.JUnitXMLReporter -->
<testsuite hostname="6thenergy-PC" ignored="0" name="Test" tests="2" failures="0" timestamp="17 Aug 2022 18:25:15 GMT" time="61.907" errors="0">
  <testcase name="FacebookLoginPageTest" time="5.905" classname="com.projectname.qa.TestCases.LoginTest"/>
  <testcase name="FacebookRegistrationPageTest" time="11.912" classname="com.projectname.qa.TestCases.RegistrationTest"/>
</testsuite> <!-- Test -->
